[error] Failed to fetch Firebase Project from Studio Workspace because WORKSPACE_SLUG environment variable is empty
[error] Failed to fetch Firebase Project from Studio Workspace because WORKSPACE_SLUG environment variable is empty
[error] Failed to fetch Firebase Project from Studio Workspace because WORKSPACE_SLUG environment variable is empty
[error] Failed to fetch Firebase Project from Studio Workspace because WORKSPACE_SLUG environment variable is empty
[debug] [2026-02-06T06:36:02.257Z] > command requires scopes: ["email","openid","https://www.googleapis.com/auth/cloudplatformprojects.readonly","https://www.googleapis.com/auth/firebase","https://www.googleapis.com/auth/cloud-platform","https://www.googleapis.com/auth/userinfo.email"]
[debug] [2026-02-06T06:36:02.261Z] > command requires scopes: ["email","openid","https://www.googleapis.com/auth/cloudplatformprojects.readonly","https://www.googleapis.com/auth/firebase","https://www.googleapis.com/auth/cloud-platform","https://www.googleapis.com/auth/userinfo.email"]
[error] Failed to fetch Firebase Project from Studio Workspace because WORKSPACE_SLUG environment variable is empty
[error] Failed to fetch Firebase Project from Studio Workspace because WORKSPACE_SLUG environment variable is empty
[error] Failed to fetch Firebase Project from Studio Workspace because WORKSPACE_SLUG environment variable is empty
[debug] [2026-02-06T06:36:08.768Z] > command requires scopes: ["email","openid","https://www.googleapis.com/auth/cloudplatformprojects.readonly","https://www.googleapis.com/auth/firebase","https://www.googleapis.com/auth/cloud-platform","https://www.googleapis.com/auth/userinfo.email"]
[error] Failed to fetch Firebase Project from Studio Workspace because WORKSPACE_SLUG environment variable is empty
[debug] [2026-02-06T06:36:10.938Z] > command requires scopes: ["email","openid","https://www.googleapis.com/auth/cloudplatformprojects.readonly","https://www.googleapis.com/auth/firebase","https://www.googleapis.com/auth/cloud-platform","https://www.googleapis.com/auth/userinfo.email"]
[error] Failed to fetch Firebase Project from Studio Workspace because WORKSPACE_SLUG environment variable is empty
[error] Failed to fetch Firebase Project from Studio Workspace because WORKSPACE_SLUG environment variable is empty
[error] Failed to fetch Firebase Project from Studio Workspace because WORKSPACE_SLUG environment variable is empty
[debug] [2026-02-06T06:36:10.952Z] > command requires scopes: ["email","openid","https://www.googleapis.com/auth/cloudplatformprojects.readonly","https://www.googleapis.com/auth/firebase","https://www.googleapis.com/auth/cloud-platform","https://www.googleapis.com/auth/userinfo.email"]
[error] Failed to fetch Firebase Project from Studio Workspace because WORKSPACE_SLUG environment variable is empty
[error] Failed to fetch Firebase Project from Studio Workspace because WORKSPACE_SLUG environment variable is empty
[error] Failed to fetch Firebase Project from Studio Workspace because WORKSPACE_SLUG environment variable is empty
[debug] [2026-02-06T06:36:10.958Z] > command requires scopes: ["email","openid","https://www.googleapis.com/auth/cloudplatformprojects.readonly","https://www.googleapis.com/auth/firebase","https://www.googleapis.com/auth/cloud-platform","https://www.googleapis.com/auth/userinfo.email"]
[error] Failed to fetch Firebase Project from Studio Workspace because WORKSPACE_SLUG environment variable is empty
[error] Failed to fetch Firebase Project from Studio Workspace because WORKSPACE_SLUG environment variable is empty
[debug] [2026-02-06T06:36:13.079Z] > command requires scopes: ["email","openid","https://www.googleapis.com/auth/cloudplatformprojects.readonly","https://www.googleapis.com/auth/firebase","https://www.googleapis.com/auth/cloud-platform","https://www.googleapis.com/auth/userinfo.email"]
[debug] [2026-02-06T06:36:13.079Z] > command requires scopes: ["email","openid","https://www.googleapis.com/auth/cloudplatformprojects.readonly","https://www.googleapis.com/auth/firebase","https://www.googleapis.com/auth/cloud-platform","https://www.googleapis.com/auth/userinfo.email"]
[error] Failed to fetch Firebase Project from Studio Workspace because WORKSPACE_SLUG environment variable is empty
[error] Failed to fetch Firebase Project from Studio Workspace because WORKSPACE_SLUG environment variable is empty
[error] Failed to fetch Firebase Project from Studio Workspace because WORKSPACE_SLUG environment variable is empty
[error] Failed to fetch Firebase Project from Studio Workspace because WORKSPACE_SLUG environment variable is empty
[debug] [2026-02-06T06:45:57.553Z] > command requires scopes: ["email","openid","https://www.googleapis.com/auth/cloudplatformprojects.readonly","https://www.googleapis.com/auth/firebase","https://www.googleapis.com/auth/cloud-platform","https://www.googleapis.com/auth/userinfo.email"]
[debug] [2026-02-06T06:45:57.555Z] > command requires scopes: ["email","openid","https://www.googleapis.com/auth/cloudplatformprojects.readonly","https://www.googleapis.com/auth/firebase","https://www.googleapis.com/auth/cloud-platform","https://www.googleapis.com/auth/userinfo.email"]
[debug] [2026-02-06T06:46:15.128Z] Running auto auth
[debug] [2026-02-06T06:46:15.129Z] Running auto auth
[error] Failed to fetch Firebase Project from Studio Workspace because WORKSPACE_SLUG environment variable is empty
[error] Failed to fetch Firebase Project from Studio Workspace because WORKSPACE_SLUG environment variable is empty
[error] Failed to fetch Firebase Project from Studio Workspace because WORKSPACE_SLUG environment variable is empty
[debug] [2026-02-06T06:46:15.219Z] > command requires scopes: ["email","openid","https://www.googleapis.com/auth/cloudplatformprojects.readonly","https://www.googleapis.com/auth/firebase","https://www.googleapis.com/auth/cloud-platform","https://www.googleapis.com/auth/userinfo.email"]
[debug] [2026-02-06T06:46:15.219Z] > authorizing via signed-in user (mrtomtom@gmail.com)
[error] Failed to fetch Firebase Project from Studio Workspace because WORKSPACE_SLUG environment variable is empty
[debug] [2026-02-06T06:46:15.221Z] > command requires scopes: ["email","openid","https://www.googleapis.com/auth/cloudplatformprojects.readonly","https://www.googleapis.com/auth/firebase","https://www.googleapis.com/auth/cloud-platform","https://www.googleapis.com/auth/userinfo.email"]
[debug] [2026-02-06T06:46:15.221Z] > authorizing via signed-in user (mrtomtom@gmail.com)
[error] Failed to fetch Firebase Project from Studio Workspace because WORKSPACE_SLUG environment variable is empty
[error] Failed to fetch Firebase Project from Studio Workspace because WORKSPACE_SLUG environment variable is empty
[error] Failed to fetch Firebase Project from Studio Workspace because WORKSPACE_SLUG environment variable is empty
[debug] [2026-02-06T06:46:15.244Z] > command requires scopes: ["email","openid","https://www.googleapis.com/auth/cloudplatformprojects.readonly","https://www.googleapis.com/auth/firebase","https://www.googleapis.com/auth/cloud-platform","https://www.googleapis.com/auth/userinfo.email"]
[debug] [2026-02-06T06:46:15.244Z] > authorizing via signed-in user (mrtomtom@gmail.com)
[error] Failed to fetch Firebase Project from Studio Workspace because WORKSPACE_SLUG environment variable is empty
[debug] [2026-02-06T06:46:15.245Z] > command requires scopes: ["email","openid","https://www.googleapis.com/auth/cloudplatformprojects.readonly","https://www.googleapis.com/auth/firebase","https://www.googleapis.com/auth/cloud-platform","https://www.googleapis.com/auth/userinfo.email"]
[debug] [2026-02-06T06:46:15.245Z] > authorizing via signed-in user (mrtomtom@gmail.com)
[error] Failed to fetch Firebase Project from Studio Workspace because WORKSPACE_SLUG environment variable is empty
[error] Failed to fetch Firebase Project from Studio Workspace because WORKSPACE_SLUG environment variable is empty
[error] Failed to fetch Firebase Project from Studio Workspace because WORKSPACE_SLUG environment variable is empty
[debug] [2026-02-06T06:46:15.257Z] > command requires scopes: ["email","openid","https://www.googleapis.com/auth/cloudplatformprojects.readonly","https://www.googleapis.com/auth/firebase","https://www.googleapis.com/auth/cloud-platform","https://www.googleapis.com/auth/userinfo.email"]
[debug] [2026-02-06T06:46:15.260Z] > authorizing via signed-in user (mrtomtom@gmail.com)
[error] Failed to fetch Firebase Project from Studio Workspace because WORKSPACE_SLUG environment variable is empty
[debug] [2026-02-06T06:46:15.261Z] > command requires scopes: ["email","openid","https://www.googleapis.com/auth/cloudplatformprojects.readonly","https://www.googleapis.com/auth/firebase","https://www.googleapis.com/auth/cloud-platform","https://www.googleapis.com/auth/userinfo.email"]
[debug] [2026-02-06T06:46:15.262Z] > authorizing via signed-in user (mrtomtom@gmail.com)
[error] Failed to fetch Firebase Project from Studio Workspace because WORKSPACE_SLUG environment variable is empty
[error] Failed to fetch Firebase Project from Studio Workspace because WORKSPACE_SLUG environment variable is empty
[error] Failed to fetch Firebase Project from Studio Workspace because WORKSPACE_SLUG environment variable is empty
[error] Failed to fetch Firebase Project from Studio Workspace because WORKSPACE_SLUG environment variable is empty
[debug] [2026-02-06T06:50:29.429Z] > command requires scopes: ["email","openid","https://www.googleapis.com/auth/cloudplatformprojects.readonly","https://www.googleapis.com/auth/firebase","https://www.googleapis.com/auth/cloud-platform","https://www.googleapis.com/auth/userinfo.email"]
[debug] [2026-02-06T06:50:29.432Z] > authorizing via signed-in user (mrtomtom@gmail.com)
[debug] [2026-02-06T06:50:29.455Z] > command requires scopes: ["email","openid","https://www.googleapis.com/auth/cloudplatformprojects.readonly","https://www.googleapis.com/auth/firebase","https://www.googleapis.com/auth/cloud-platform","https://www.googleapis.com/auth/userinfo.email"]
[debug] [2026-02-06T06:50:29.456Z] > authorizing via signed-in user (mrtomtom@gmail.com)
[error] Failed to fetch Firebase Project from Studio Workspace because WORKSPACE_SLUG environment variable is empty
[error] Failed to fetch Firebase Project from Studio Workspace because WORKSPACE_SLUG environment variable is empty
[error] Failed to fetch Firebase Project from Studio Workspace because WORKSPACE_SLUG environment variable is empty
[debug] [2026-02-06T06:50:29.484Z] > command requires scopes: ["email","openid","https://www.googleapis.com/auth/cloudplatformprojects.readonly","https://www.googleapis.com/auth/firebase","https://www.googleapis.com/auth/cloud-platform","https://www.googleapis.com/auth/userinfo.email"]
[debug] [2026-02-06T06:50:29.484Z] > authorizing via signed-in user (mrtomtom@gmail.com)
[error] Failed to fetch Firebase Project from Studio Workspace because WORKSPACE_SLUG environment variable is empty
[debug] [2026-02-06T06:50:29.486Z] > command requires scopes: ["email","openid","https://www.googleapis.com/auth/cloudplatformprojects.readonly","https://www.googleapis.com/auth/firebase","https://www.googleapis.com/auth/cloud-platform","https://www.googleapis.com/auth/userinfo.email"]
[debug] [2026-02-06T06:50:29.486Z] > authorizing via signed-in user (mrtomtom@gmail.com)
[error] Failed to fetch Firebase Project from Studio Workspace because WORKSPACE_SLUG environment variable is empty
[error] Failed to fetch Firebase Project from Studio Workspace because WORKSPACE_SLUG environment variable is empty
[error] Failed to fetch Firebase Project from Studio Workspace because WORKSPACE_SLUG environment variable is empty
[debug] [2026-02-06T06:50:29.503Z] > command requires scopes: ["email","openid","https://www.googleapis.com/auth/cloudplatformprojects.readonly","https://www.googleapis.com/auth/firebase","https://www.googleapis.com/auth/cloud-platform","https://www.googleapis.com/auth/userinfo.email"]
[debug] [2026-02-06T06:50:29.503Z] > authorizing via signed-in user (mrtomtom@gmail.com)
[error] Failed to fetch Firebase Project from Studio Workspace because WORKSPACE_SLUG environment variable is empty
[debug] [2026-02-06T06:50:29.506Z] > command requires scopes: ["email","openid","https://www.googleapis.com/auth/cloudplatformprojects.readonly","https://www.googleapis.com/auth/firebase","https://www.googleapis.com/auth/cloud-platform","https://www.googleapis.com/auth/userinfo.email"]
[debug] [2026-02-06T06:50:29.506Z] > authorizing via signed-in user (mrtomtom@gmail.com)
[error] Failed to fetch Firebase Project from Studio Workspace because WORKSPACE_SLUG environment variable is empty
[error] Failed to fetch Firebase Project from Studio Workspace because WORKSPACE_SLUG environment variable is empty
[error] Failed to fetch Firebase Project from Studio Workspace because WORKSPACE_SLUG environment variable is empty
[debug] [2026-02-06T06:50:29.523Z] > command requires scopes: ["email","openid","https://www.googleapis.com/auth/cloudplatformprojects.readonly","https://www.googleapis.com/auth/firebase","https://www.googleapis.com/auth/cloud-platform","https://www.googleapis.com/auth/userinfo.email"]
[debug] [2026-02-06T06:50:29.523Z] > authorizing via signed-in user (mrtomtom@gmail.com)
[error] Failed to fetch Firebase Project from Studio Workspace because WORKSPACE_SLUG environment variable is empty
[debug] [2026-02-06T06:50:29.525Z] > command requires scopes: ["email","openid","https://www.googleapis.com/auth/cloudplatformprojects.readonly","https://www.googleapis.com/auth/firebase","https://www.googleapis.com/auth/cloud-platform","https://www.googleapis.com/auth/userinfo.email"]
[debug] [2026-02-06T06:50:29.527Z] > authorizing via signed-in user (mrtomtom@gmail.com)
[error] Failed to fetch Firebase Project from Studio Workspace because WORKSPACE_SLUG environment variable is empty
[error] Failed to fetch Firebase Project from Studio Workspace because WORKSPACE_SLUG environment variable is empty
[error] Failed to fetch Firebase Project from Studio Workspace because WORKSPACE_SLUG environment variable is empty
[debug] [2026-02-06T06:52:54.786Z] > command requires scopes: ["email","openid","https://www.googleapis.com/auth/cloudplatformprojects.readonly","https://www.googleapis.com/auth/firebase","https://www.googleapis.com/auth/cloud-platform","https://www.googleapis.com/auth/userinfo.email"]
[debug] [2026-02-06T06:52:54.786Z] > authorizing via signed-in user (mrtomtom@gmail.com)
[error] Failed to fetch Firebase Project from Studio Workspace because WORKSPACE_SLUG environment variable is empty
[debug] [2026-02-06T06:52:54.787Z] > command requires scopes: ["email","openid","https://www.googleapis.com/auth/cloudplatformprojects.readonly","https://www.googleapis.com/auth/firebase","https://www.googleapis.com/auth/cloud-platform","https://www.googleapis.com/auth/userinfo.email"]
[debug] [2026-02-06T06:52:54.788Z] > authorizing via signed-in user (mrtomtom@gmail.com)
[error] Failed to fetch Firebase Project from Studio Workspace because WORKSPACE_SLUG environment variable is empty
[error] Failed to fetch Firebase Project from Studio Workspace because WORKSPACE_SLUG environment variable is empty
[error] Failed to fetch Firebase Project from Studio Workspace because WORKSPACE_SLUG environment variable is empty
[debug] [2026-02-06T06:52:54.799Z] > command requires scopes: ["email","openid","https://www.googleapis.com/auth/cloudplatformprojects.readonly","https://www.googleapis.com/auth/firebase","https://www.googleapis.com/auth/cloud-platform","https://www.googleapis.com/auth/userinfo.email"]
[debug] [2026-02-06T06:52:54.800Z] > authorizing via signed-in user (mrtomtom@gmail.com)
[error] Failed to fetch Firebase Project from Studio Workspace because WORKSPACE_SLUG environment variable is empty
[debug] [2026-02-06T06:52:54.801Z] > command requires scopes: ["email","openid","https://www.googleapis.com/auth/cloudplatformprojects.readonly","https://www.googleapis.com/auth/firebase","https://www.googleapis.com/auth/cloud-platform","https://www.googleapis.com/auth/userinfo.email"]
[debug] [2026-02-06T06:52:54.801Z] > authorizing via signed-in user (mrtomtom@gmail.com)
[error] Failed to fetch Firebase Project from Studio Workspace because WORKSPACE_SLUG environment variable is empty
[error] Failed to fetch Firebase Project from Studio Workspace because WORKSPACE_SLUG environment variable is empty
[error] Failed to fetch Firebase Project from Studio Workspace because WORKSPACE_SLUG environment variable is empty
[debug] [2026-02-06T06:52:54.810Z] > command requires scopes: ["email","openid","https://www.googleapis.com/auth/cloudplatformprojects.readonly","https://www.googleapis.com/auth/firebase","https://www.googleapis.com/auth/cloud-platform","https://www.googleapis.com/auth/userinfo.email"]
[debug] [2026-02-06T06:52:54.810Z] > authorizing via signed-in user (mrtomtom@gmail.com)
[error] Failed to fetch Firebase Project from Studio Workspace because WORKSPACE_SLUG environment variable is empty
[debug] [2026-02-06T06:52:54.811Z] > command requires scopes: ["email","openid","https://www.googleapis.com/auth/cloudplatformprojects.readonly","https://www.googleapis.com/auth/firebase","https://www.googleapis.com/auth/cloud-platform","https://www.googleapis.com/auth/userinfo.email"]
[debug] [2026-02-06T06:52:54.813Z] > authorizing via signed-in user (mrtomtom@gmail.com)
[error] Failed to fetch Firebase Project from Studio Workspace because WORKSPACE_SLUG environment variable is empty
[error] Failed to fetch Firebase Project from Studio Workspace because WORKSPACE_SLUG environment variable is empty
[debug] [2026-02-06T06:53:04.578Z] > command requires scopes: ["email","openid","https://www.googleapis.com/auth/cloudplatformprojects.readonly","https://www.googleapis.com/auth/firebase","https://www.googleapis.com/auth/cloud-platform","https://www.googleapis.com/auth/userinfo.email"]
[debug] [2026-02-06T06:53:04.578Z] > authorizing via signed-in user (mrtomtom@gmail.com)
[error] Failed to fetch Firebase Project from Studio Workspace because WORKSPACE_SLUG environment variable is empty
[error] Failed to fetch Firebase Project from Studio Workspace because WORKSPACE_SLUG environment variable is empty
[debug] [2026-02-06T06:53:04.589Z] > command requires scopes: ["email","openid","https://www.googleapis.com/auth/cloudplatformprojects.readonly","https://www.googleapis.com/auth/firebase","https://www.googleapis.com/auth/cloud-platform","https://www.googleapis.com/auth/userinfo.email"]
[debug] [2026-02-06T06:53:04.589Z] > authorizing via signed-in user (mrtomtom@gmail.com)
[debug] [2026-02-06T06:53:04.596Z] No OAuth tokens found
[debug] [2026-02-06T06:53:04.596Z] No OAuth tokens found
[debug] [2026-02-06T06:53:04.596Z] > command requires scopes: ["email","openid","https://www.googleapis.com/auth/cloudplatformprojects.readonly","https://www.googleapis.com/auth/firebase","https://www.googleapis.com/auth/cloud-platform","https://www.googleapis.com/auth/userinfo.email"]
[debug] [2026-02-06T06:53:04.596Z] > authorizing via signed-in user (mrtomtom@gmail.com)
[debug] [2026-02-06T06:53:04.598Z] >>> [apiv2][query] GET https://serviceusage.googleapis.com/v1/projects/smart-property-investors/services/cloudresourcemanager.googleapis.com [none]
[debug] [2026-02-06T06:53:04.598Z] >>> [apiv2][(partial)header] GET https://serviceusage.googleapis.com/v1/projects/smart-property-investors/services/cloudresourcemanager.googleapis.com  x-goog-user-project=smart-property-investors
[debug] [2026-02-06T06:53:05.687Z] <<< [apiv2][status] GET https://serviceusage.googleapis.com/v1/projects/smart-property-investors/services/cloudresourcemanager.googleapis.com 400
[debug] [2026-02-06T06:53:05.689Z] <<< [apiv2][body] GET https://serviceusage.googleapis.com/v1/projects/smart-property-investors/services/cloudresourcemanager.googleapis.com [omitted]
[debug] [2026-02-06T06:53:05.690Z] Unable to check that https://cloudresourcemanager.googleapis.com is enabled on smart-property-investors. Calls to it will fail if it is not enabled
[debug] [2026-02-06T06:53:05.691Z] No OAuth tokens found
[debug] [2026-02-06T06:53:05.691Z] No OAuth tokens found
[debug] [2026-02-06T06:53:05.691Z] > command requires scopes: ["email","openid","https://www.googleapis.com/auth/cloudplatformprojects.readonly","https://www.googleapis.com/auth/firebase","https://www.googleapis.com/auth/cloud-platform","https://www.googleapis.com/auth/userinfo.email"]
[debug] [2026-02-06T06:53:05.691Z] > authorizing via signed-in user (mrtomtom@gmail.com)
[debug] [2026-02-06T06:53:05.691Z] >>> [apiv2][query] GET https://cloudresourcemanager.googleapis.com/v1/projects/smart-property-investors [none]
[debug] [2026-02-06T06:53:06.684Z] <<< [apiv2][status] GET https://cloudresourcemanager.googleapis.com/v1/projects/smart-property-investors 403
[debug] [2026-02-06T06:53:06.684Z] <<< [apiv2][body] GET https://cloudresourcemanager.googleapis.com/v1/projects/smart-property-investors {"error":{"code":403,"message":"The caller does not have permission","status":"PERMISSION_DENIED"}}
[debug] [2026-02-06T06:53:06.693Z] No OAuth tokens found
[debug] [2026-02-06T06:53:06.693Z] No OAuth tokens found
[debug] [2026-02-06T06:53:06.693Z] > command requires scopes: ["email","openid","https://www.googleapis.com/auth/cloudplatformprojects.readonly","https://www.googleapis.com/auth/firebase","https://www.googleapis.com/auth/cloud-platform","https://www.googleapis.com/auth/userinfo.email"]
[debug] [2026-02-06T06:53:06.693Z] > authorizing via signed-in user (mrtomtom@gmail.com)
[debug] [2026-02-06T06:53:06.694Z] >>> [apiv2][query] POST https://cloudresourcemanager.googleapis.com/v1/projects [none]
[debug] [2026-02-06T06:53:06.694Z] >>> [apiv2][body] POST https://cloudresourcemanager.googleapis.com/v1/projects {"projectId":"smart-property-investors","name":"smart-property-investors"}
[debug] [2026-02-06T06:53:06.958Z] <<< [apiv2][status] POST https://cloudresourcemanager.googleapis.com/v1/projects 200
[debug] [2026-02-06T06:53:06.958Z] <<< [apiv2][body] POST https://cloudresourcemanager.googleapis.com/v1/projects {"name":"operations/create_project.global.4705916106278676419"}
[debug] [2026-02-06T06:53:06.959Z] No OAuth tokens found
[debug] [2026-02-06T06:53:06.960Z] No OAuth tokens found
[debug] [2026-02-06T06:53:06.960Z] > command requires scopes: ["email","openid","https://www.googleapis.com/auth/cloudplatformprojects.readonly","https://www.googleapis.com/auth/firebase","https://www.googleapis.com/auth/cloud-platform","https://www.googleapis.com/auth/userinfo.email"]
[debug] [2026-02-06T06:53:06.960Z] > authorizing via signed-in user (mrtomtom@gmail.com)
[debug] [2026-02-06T06:53:06.960Z] >>> [apiv2][query] GET https://cloudresourcemanager.googleapis.com/v1/operations/create_project.global.4705916106278676419 [none]
[debug] [2026-02-06T06:53:07.761Z] <<< [apiv2][status] GET https://cloudresourcemanager.googleapis.com/v1/operations/create_project.global.4705916106278676419 200
[debug] [2026-02-06T06:53:07.762Z] <<< [apiv2][body] GET https://cloudresourcemanager.googleapis.com/v1/operations/create_project.global.4705916106278676419 {"name":"operations/create_project.global.4705916106278676419"}
[debug] [2026-02-06T06:53:08.263Z] [Project Creation Poller] Retrying task index 0
[debug] [2026-02-06T06:53:08.263Z] No OAuth tokens found
[debug] [2026-02-06T06:53:08.263Z] No OAuth tokens found
[debug] [2026-02-06T06:53:08.263Z] > command requires scopes: ["email","openid","https://www.googleapis.com/auth/cloudplatformprojects.readonly","https://www.googleapis.com/auth/firebase","https://www.googleapis.com/auth/cloud-platform","https://www.googleapis.com/auth/userinfo.email"]
[debug] [2026-02-06T06:53:08.264Z] > authorizing via signed-in user (mrtomtom@gmail.com)
[debug] [2026-02-06T06:53:08.264Z] >>> [apiv2][query] GET https://cloudresourcemanager.googleapis.com/v1/operations/create_project.global.4705916106278676419 [none]
[debug] [2026-02-06T06:53:08.461Z] <<< [apiv2][status] GET https://cloudresourcemanager.googleapis.com/v1/operations/create_project.global.4705916106278676419 200
[debug] [2026-02-06T06:53:08.461Z] <<< [apiv2][body] GET https://cloudresourcemanager.googleapis.com/v1/operations/create_project.global.4705916106278676419 {"name":"operations/create_project.global.4705916106278676419","metadata":{"@type":"type.googleapis.com/google.cloudresourcemanager.v1.ProjectCreationStatus","gettable":true,"ready":true},"done":true,"response":{"@type":"type.googleapis.com/google.cloudresourcemanager.v1.Project","projectNumber":"964746453440","projectId":"smart-property-investors","lifecycleState":"ACTIVE","name":"smart-property-investors","createTime":"2026-02-06T06:53:07.958587Z"}}
[debug] [2026-02-06T06:53:08.463Z] No OAuth tokens found
[debug] [2026-02-06T06:53:08.464Z] No OAuth tokens found
[debug] [2026-02-06T06:53:08.464Z] > command requires scopes: ["email","openid","https://www.googleapis.com/auth/cloudplatformprojects.readonly","https://www.googleapis.com/auth/firebase","https://www.googleapis.com/auth/cloud-platform","https://www.googleapis.com/auth/userinfo.email"]
[debug] [2026-02-06T06:53:08.464Z] > authorizing via signed-in user (mrtomtom@gmail.com)
[debug] [2026-02-06T06:53:08.465Z] >>> [apiv2][query] POST https://firebase.googleapis.com/v1beta1/projects/smart-property-investors:addFirebase [none]
[debug] [2026-02-06T06:53:12.029Z] <<< [apiv2][status] POST https://firebase.googleapis.com/v1beta1/projects/smart-property-investors:addFirebase 200
[debug] [2026-02-06T06:53:12.029Z] <<< [apiv2][body] POST https://firebase.googleapis.com/v1beta1/projects/smart-property-investors:addFirebase {"name":"operations/workflows/NDMyMTI0M2EtYWJkNi00ODczLTgyNTItOTMzNjA4Njg0NGIz"}
[debug] [2026-02-06T06:53:12.030Z] No OAuth tokens found
[debug] [2026-02-06T06:53:12.030Z] No OAuth tokens found
[debug] [2026-02-06T06:53:12.030Z] > command requires scopes: ["email","openid","https://www.googleapis.com/auth/cloudplatformprojects.readonly","https://www.googleapis.com/auth/firebase","https://www.googleapis.com/auth/cloud-platform","https://www.googleapis.com/auth/userinfo.email"]
[debug] [2026-02-06T06:53:12.030Z] > authorizing via signed-in user (mrtomtom@gmail.com)
[debug] [2026-02-06T06:53:12.031Z] >>> [apiv2][query] GET https://firebase.googleapis.com/v1beta1/operations/workflows/NDMyMTI0M2EtYWJkNi00ODczLTgyNTItOTMzNjA4Njg0NGIz [none]
[debug] [2026-02-06T06:53:15.016Z] <<< [apiv2][status] GET https://firebase.googleapis.com/v1beta1/operations/workflows/NDMyMTI0M2EtYWJkNi00ODczLTgyNTItOTMzNjA4Njg0NGIz 200
[debug] [2026-02-06T06:53:15.016Z] <<< [apiv2][body] GET https://firebase.googleapis.com/v1beta1/operations/workflows/NDMyMTI0M2EtYWJkNi00ODczLTgyNTItOTMzNjA4Njg0NGIz {"name":"operations/workflows/NDMyMTI0M2EtYWJkNi00ODczLTgyNTItOTMzNjA4Njg0NGIz"}
[debug] [2026-02-06T06:53:15.517Z] [Add Firebase Poller] Retrying task index 0
[debug] [2026-02-06T06:53:15.522Z] No OAuth tokens found
[debug] [2026-02-06T06:53:15.522Z] No OAuth tokens found
[debug] [2026-02-06T06:53:15.523Z] > command requires scopes: ["email","openid","https://www.googleapis.com/auth/cloudplatformprojects.readonly","https://www.googleapis.com/auth/firebase","https://www.googleapis.com/auth/cloud-platform","https://www.googleapis.com/auth/userinfo.email"]
[debug] [2026-02-06T06:53:15.523Z] > authorizing via signed-in user (mrtomtom@gmail.com)
[debug] [2026-02-06T06:53:15.523Z] >>> [apiv2][query] GET https://firebase.googleapis.com/v1beta1/operations/workflows/NDMyMTI0M2EtYWJkNi00ODczLTgyNTItOTMzNjA4Njg0NGIz [none]
[debug] [2026-02-06T06:53:16.569Z] <<< [apiv2][status] GET https://firebase.googleapis.com/v1beta1/operations/workflows/NDMyMTI0M2EtYWJkNi00ODczLTgyNTItOTMzNjA4Njg0NGIz 200
[debug] [2026-02-06T06:53:16.569Z] <<< [apiv2][body] GET https://firebase.googleapis.com/v1beta1/operations/workflows/NDMyMTI0M2EtYWJkNi00ODczLTgyNTItOTMzNjA4Njg0NGIz {"name":"operations/workflows/NDMyMTI0M2EtYWJkNi00ODczLTgyNTItOTMzNjA4Njg0NGIz"}
[debug] [2026-02-06T06:53:17.571Z] [Add Firebase Poller] Retrying task index 0
[debug] [2026-02-06T06:53:17.575Z] No OAuth tokens found
[debug] [2026-02-06T06:53:17.575Z] No OAuth tokens found
[debug] [2026-02-06T06:53:17.575Z] > command requires scopes: ["email","openid","https://www.googleapis.com/auth/cloudplatformprojects.readonly","https://www.googleapis.com/auth/firebase","https://www.googleapis.com/auth/cloud-platform","https://www.googleapis.com/auth/userinfo.email"]
[debug] [2026-02-06T06:53:17.575Z] > authorizing via signed-in user (mrtomtom@gmail.com)
[debug] [2026-02-06T06:53:17.580Z] >>> [apiv2][query] GET https://firebase.googleapis.com/v1beta1/operations/workflows/NDMyMTI0M2EtYWJkNi00ODczLTgyNTItOTMzNjA4Njg0NGIz [none]
[debug] [2026-02-06T06:53:18.304Z] <<< [apiv2][status] GET https://firebase.googleapis.com/v1beta1/operations/workflows/NDMyMTI0M2EtYWJkNi00ODczLTgyNTItOTMzNjA4Njg0NGIz 200
[debug] [2026-02-06T06:53:18.305Z] <<< [apiv2][body] GET https://firebase.googleapis.com/v1beta1/operations/workflows/NDMyMTI0M2EtYWJkNi00ODczLTgyNTItOTMzNjA4Njg0NGIz {"name":"operations/workflows/NDMyMTI0M2EtYWJkNi00ODczLTgyNTItOTMzNjA4Njg0NGIz"}
[debug] [2026-02-06T06:53:20.307Z] [Add Firebase Poller] Retrying task index 0
[debug] [2026-02-06T06:53:20.308Z] No OAuth tokens found
[debug] [2026-02-06T06:53:20.310Z] No OAuth tokens found
[debug] [2026-02-06T06:53:20.311Z] > command requires scopes: ["email","openid","https://www.googleapis.com/auth/cloudplatformprojects.readonly","https://www.googleapis.com/auth/firebase","https://www.googleapis.com/auth/cloud-platform","https://www.googleapis.com/auth/userinfo.email"]
[debug] [2026-02-06T06:53:20.311Z] > authorizing via signed-in user (mrtomtom@gmail.com)
[debug] [2026-02-06T06:53:20.311Z] >>> [apiv2][query] GET https://firebase.googleapis.com/v1beta1/operations/workflows/NDMyMTI0M2EtYWJkNi00ODczLTgyNTItOTMzNjA4Njg0NGIz [none]
[debug] [2026-02-06T06:53:21.154Z] <<< [apiv2][status] GET https://firebase.googleapis.com/v1beta1/operations/workflows/NDMyMTI0M2EtYWJkNi00ODczLTgyNTItOTMzNjA4Njg0NGIz 200
[debug] [2026-02-06T06:53:21.154Z] <<< [apiv2][body] GET https://firebase.googleapis.com/v1beta1/operations/workflows/NDMyMTI0M2EtYWJkNi00ODczLTgyNTItOTMzNjA4Njg0NGIz {"name":"operations/workflows/NDMyMTI0M2EtYWJkNi00ODczLTgyNTItOTMzNjA4Njg0NGIz"}
[debug] [2026-02-06T06:53:25.157Z] [Add Firebase Poller] Retrying task index 0
[debug] [2026-02-06T06:53:25.158Z] No OAuth tokens found
[debug] [2026-02-06T06:53:25.159Z] No OAuth tokens found
[debug] [2026-02-06T06:53:25.159Z] > command requires scopes: ["email","openid","https://www.googleapis.com/auth/cloudplatformprojects.readonly","https://www.googleapis.com/auth/firebase","https://www.googleapis.com/auth/cloud-platform","https://www.googleapis.com/auth/userinfo.email"]
[debug] [2026-02-06T06:53:25.159Z] > authorizing via signed-in user (mrtomtom@gmail.com)
[debug] [2026-02-06T06:53:25.161Z] >>> [apiv2][query] GET https://firebase.googleapis.com/v1beta1/operations/workflows/NDMyMTI0M2EtYWJkNi00ODczLTgyNTItOTMzNjA4Njg0NGIz [none]
[debug] [2026-02-06T06:53:25.971Z] <<< [apiv2][status] GET https://firebase.googleapis.com/v1beta1/operations/workflows/NDMyMTI0M2EtYWJkNi00ODczLTgyNTItOTMzNjA4Njg0NGIz 200
[debug] [2026-02-06T06:53:25.972Z] <<< [apiv2][body] GET https://firebase.googleapis.com/v1beta1/operations/workflows/NDMyMTI0M2EtYWJkNi00ODczLTgyNTItOTMzNjA4Njg0NGIz {"name":"operations/workflows/NDMyMTI0M2EtYWJkNi00ODczLTgyNTItOTMzNjA4Njg0NGIz","done":true,"response":{"@type":"type.googleapis.com/google.firebase.service.v1beta1.FirebaseProject","projectId":"smart-property-investors","projectNumber":"964746453440","displayName":"smart-property-investors","name":"projects/smart-property-investors","resources":{"hostingSite":"smart-property-investors"}}}
[info] 
[info] 🎉🎉🎉 Your Firebase project is ready! 🎉🎉🎉
[info] 
[info] Project information:
[info]    - Project ID: smart-property-investors
[info]    - Project Name: smart-property-investors
[info] 
[info] Firebase console is available at
[info] https://console.firebase.google.com/project/smart-property-investors/overview
